2023-08-06 03:44:04.414901 - Initialized conversion of CBT376
2023-08-06 03:44:04.940011 - Received CBT.V505.FILE376.PDS from FILE376.XMI 
2023-08-06 03:44:04.942509 - Found $$$#DATE.txt (text/plain) in CBT.V505.FILE376.PDS, moved to PDS/$$$#DATE
2023-08-06 03:44:04.943612 - Found $$AUTHOR.txt (text/plain) in CBT.V505.FILE376.PDS, moved to PDS/$$AUTHOR
2023-08-06 03:44:04.944697 - Found $$DOCM.txt (text/plain) in CBT.V505.FILE376.PDS, moved to PDS/$$DOCM
2023-08-06 03:44:04.945629 - Found @FILE376.txt (text/plain) in CBT.V505.FILE376.PDS, moved to PDS/@FILE376
2023-08-06 03:44:04.946561 - Found ADPDATAB.txt (text/plain) in CBT.V505.FILE376.PDS, moved to PDS/ADPDATAB
2023-08-06 03:44:04.947568 - Found APFLIST.jcl (text/plain) in CBT.V505.FILE376.PDS, moved to PDS/APFLIST
2023-08-06 03:44:04.948492 - Found ASMHCL.txt (text/plain) in CBT.V505.FILE376.PDS, moved to PDS/ASMHCL
2023-08-06 03:44:04.949361 - Found BA.txt (text/plain) in CBT.V505.FILE376.PDS, moved to PDS/BA
2023-08-06 03:44:04.950352 - Found BAWE.txt (text/plain) in CBT.V505.FILE376.PDS, moved to PDS/BAWE
2023-08-06 03:44:04.951302 - Found CATDISP.jcl (text/plain) in CBT.V505.FILE376.PDS, moved to PDS/CATDISP
2023-08-06 03:44:04.952118 - Found CHPDATAB.txt (text/plain) in CBT.V505.FILE376.PDS, moved to PDS/CHPDATAB
2023-08-06 03:44:04.952935 - Found CSA.jcl (text/plain) in CBT.V505.FILE376.PDS, moved to PDS/CSA
2023-08-06 03:44:04.953890 - Found C4SMFDS.jcl (text/plain) in CBT.V505.FILE376.PDS, moved to PDS/C4SMFDS
2023-08-06 03:44:04.954891 - Found DDMN.jcl (text/plain) in CBT.V505.FILE376.PDS, moved to PDS/DDMN
2023-08-06 03:44:04.955941 - Found DELAY.jcl (text/plain) in CBT.V505.FILE376.PDS, moved to PDS/DELAY
2023-08-06 03:44:04.956830 - Found DMDT.jcl (text/plain) in CBT.V505.FILE376.PDS, moved to PDS/DMDT
2023-08-06 03:44:04.957894 - Found EDCHP.jcl (text/plain) in CBT.V505.FILE376.PDS, moved to PDS/EDCHP
2023-08-06 03:44:04.958866 - Found EDJES3.jcl (text/plain) in CBT.V505.FILE376.PDS, moved to PDS/EDJES3
2023-08-06 03:44:04.959875 - Found EDTAPASM.jcl (text/plain) in CBT.V505.FILE376.PDS, moved to PDS/EDTAPASM
2023-08-06 03:44:04.960748 - Found EDTAPE.txt (text/plain) in CBT.V505.FILE376.PDS, moved to PDS/EDTAPE
2023-08-06 03:44:04.961732 - Found EDWAD#.txt (text/plain) in CBT.V505.FILE376.PDS, moved to PDS/EDWAD#
2023-08-06 03:44:04.962675 - Found EDWADATA.txt (text/plain) in CBT.V505.FILE376.PDS, moved to PDS/EDWADATA
2023-08-06 03:44:04.963622 - Found EDWADAT2.txt (text/plain) in CBT.V505.FILE376.PDS, moved to PDS/EDWADAT2
2023-08-06 03:44:04.964566 - Found EDWADAT3.txt (text/plain) in CBT.V505.FILE376.PDS, moved to PDS/EDWADAT3
2023-08-06 03:44:04.965560 - Found EDWADAT4.txt (text/plain) in CBT.V505.FILE376.PDS, moved to PDS/EDWADAT4
2023-08-06 03:44:04.966620 - Found EDWADAT5.txt (text/plain) in CBT.V505.FILE376.PDS, moved to PDS/EDWADAT5
2023-08-06 03:44:04.967688 - Found EDWADAT6.txt (text/plain) in CBT.V505.FILE376.PDS, moved to PDS/EDWADAT6
2023-08-06 03:44:04.968586 - Found EDWADAT7.txt (text/plain) in CBT.V505.FILE376.PDS, moved to PDS/EDWADAT7
2023-08-06 03:44:04.969431 - Found EDWADAT8.txt (text/plain) in CBT.V505.FILE376.PDS, moved to PDS/EDWADAT8
2023-08-06 03:44:04.970372 - Found IOMVS.jcl (text/plain) in CBT.V505.FILE376.PDS, moved to PDS/IOMVS
2023-08-06 03:44:04.971315 - Found IOXA.jcl (text/plain) in CBT.V505.FILE376.PDS, moved to PDS/IOXA
2023-08-06 03:44:04.972241 - Found JESDATAB.txt (text/plain) in CBT.V505.FILE376.PDS, moved to PDS/JESDATAB
2023-08-06 03:44:04.973117 - Found J3.txt (text/plain) in CBT.V505.FILE376.PDS, moved to PDS/J3
2023-08-06 03:44:04.974098 - Found LASTIPL.jcl (text/plain) in CBT.V505.FILE376.PDS, moved to PDS/LASTIPL
2023-08-06 03:44:04.975088 - Found LLA.jcl (text/plain) in CBT.V505.FILE376.PDS, moved to PDS/LLA
2023-08-06 03:44:04.976006 - Found LOOK.jcl (text/plain) in CBT.V505.FILE376.PDS, moved to PDS/LOOK
2023-08-06 03:44:04.976833 - Found LSPACEXA.jcl (text/plain) in CBT.V505.FILE376.PDS, moved to PDS/LSPACEXA
2023-08-06 03:44:04.977749 - Found MDF.rexx (text/plain) in CBT.V505.FILE376.PDS, moved to PDS/MDF
2023-08-06 03:44:04.978786 - Found MDFSAS.txt (text/plain) in CBT.V505.FILE376.PDS, moved to PDS/MDFSAS
2023-08-06 03:44:04.979781 - Found NONSMS.jcl (text/plain) in CBT.V505.FILE376.PDS, moved to PDS/NONSMS
2023-08-06 03:44:04.980664 - Found OPTNJ.txt (text/plain) in CBT.V505.FILE376.PDS, moved to PDS/OPTNJ
2023-08-06 03:44:04.981600 - Found OPTNS.txt (text/plain) in CBT.V505.FILE376.PDS, moved to PDS/OPTNS
2023-08-06 03:44:04.982608 - Found QC.txt (text/plain) in CBT.V505.FILE376.PDS, moved to PDS/QC
2023-08-06 03:44:04.983510 - Found QF.txt (text/plain) in CBT.V505.FILE376.PDS, moved to PDS/QF
2023-08-06 03:44:04.984387 - Found QN.jcl (text/plain) in CBT.V505.FILE376.PDS, moved to PDS/QN
2023-08-06 03:44:04.985303 - Found QS.txt (text/plain) in CBT.V505.FILE376.PDS, moved to PDS/QS
2023-08-06 03:44:04.986290 - Found QZ.txt (text/plain) in CBT.V505.FILE376.PDS, moved to PDS/QZ
2023-08-06 03:44:04.987179 - Found SCR.jcl (text/plain) in CBT.V505.FILE376.PDS, moved to PDS/SCR
2023-08-06 03:44:04.988055 - Found SPON.jcl (text/plain) in CBT.V505.FILE376.PDS, moved to PDS/SPON
2023-08-06 03:44:04.988974 - Found STG.jcl (text/plain) in CBT.V505.FILE376.PDS, moved to PDS/STG
2023-08-06 03:44:04.990017 - Found TSODSN.jcl (text/plain) in CBT.V505.FILE376.PDS, moved to PDS/TSODSN
2023-08-06 03:44:04.991001 - Found TSODSNG.jcl (text/plain) in CBT.V505.FILE376.PDS, moved to PDS/TSODSNG
2023-08-06 03:44:04.991928 - Found TSOENQ.jcl (text/plain) in CBT.V505.FILE376.PDS, moved to PDS/TSOENQ
2023-08-06 03:44:04.992812 - Found TX.rexx (text/plain) in CBT.V505.FILE376.PDS, moved to PDS/TX
2023-08-06 03:44:04.993758 - Found UDD.rexx (text/plain) in CBT.V505.FILE376.PDS, moved to PDS/UDD
2023-08-06 03:44:04.994751 - Found UDF.jcl (text/plain) in CBT.V505.FILE376.PDS, moved to PDS/UDF
2023-08-06 03:44:04.995721 - Found UDFDATAB.txt (text/plain) in CBT.V505.FILE376.PDS, moved to PDS/UDFDATAB
2023-08-06 03:44:04.996589 - Found UDG.rexx (text/plain) in CBT.V505.FILE376.PDS, moved to PDS/UDG
2023-08-06 03:44:04.997526 - Found WHELP.txt (text/plain) in CBT.V505.FILE376.PDS, moved to PDS/WHELP
2023-08-06 03:44:04.998457 - Found WHELPP.txt (text/plain) in CBT.V505.FILE376.PDS, moved to PDS/WHELPP
2023-08-06 03:44:04.999367 - Found YDF.jcl (text/plain) in CBT.V505.FILE376.PDS, moved to PDS/YDF
2023-08-06 03:44:05.000282 - Found ZDFC4.txt (text/plain) in CBT.V505.FILE376.PDS, moved to PDS/ZDFC4
2023-08-06 03:44:05.001209 - Found ZDFDAT.txt (text/plain) in CBT.V505.FILE376.PDS, moved to PDS/ZDFDAT
2023-08-06 03:44:05.002264 - Found ZDFESA.jcl (text/plain) in CBT.V505.FILE376.PDS, moved to PDS/ZDFESA
2023-08-06 03:44:05.003179 - Found ZDFHELP.txt (text/plain) in CBT.V505.FILE376.PDS, moved to PDS/ZDFHELP
2023-08-06 03:44:05.004020 - Found ZDFHELP1.txt (text/plain) in CBT.V505.FILE376.PDS, moved to PDS/ZDFHELP1
2023-08-06 03:44:05.004877 - Found ZDFTEST.txt (text/plain) in CBT.V505.FILE376.PDS, moved to PDS/ZDFTEST
2023-08-06 03:44:05.005765 - Found ZWAIT.rexx (text/plain) in CBT.V505.FILE376.PDS, moved to PDS/ZWAIT
